Running in Lattice mode


Starting:    C:\lscc\iCEcube2.2017.08\synpbase\bin64\mbin\synbatch.exe
Install:     C:\lscc\iCEcube2.2017.08\synpbase
Hostname:    DESKTOP-IF9A2EL
Date:        Mon Sep 16 00:32:47 2019
Version:     L-2016.09L+ice40

Arguments:   -product synplify_pro -batch edcore_syn.prj
ProductType: synplify_pro





log file: "E:\projects\EDN8-PRO\bootcore\edcore_Implmnt\edcore.srr"
Running: edcore_Implmnt in foreground

Running edcore_syn|edcore_Implmnt

Running: compile (Compile) on edcore_syn|edcore_Implmnt
# Mon Sep 16 00:32:47 2019

Running: compile_flow (Compile Process) on edcore_syn|edcore_Implmnt
# Mon Sep 16 00:32:47 2019

Running: compiler (Compile Input) on edcore_syn|edcore_Implmnt
# Mon Sep 16 00:32:47 2019
Copied E:\projects\EDN8-PRO\bootcore\edcore_Implmnt\synwork\edcore_comp.srs to E:\projects\EDN8-PRO\bootcore\edcore_Implmnt\edcore.srs

compiler completed
# Mon Sep 16 00:32:49 2019

Return Code: 0
Run Time:00h:00m:02s

Running: multi_srs_gen (Multi-srs Generator) on edcore_syn|edcore_Implmnt
# Mon Sep 16 00:32:49 2019

multi_srs_gen completed
# Mon Sep 16 00:32:49 2019

Return Code: 0
Run Time:00h:00m:00s
Copied E:\projects\EDN8-PRO\bootcore\edcore_Implmnt\synwork\edcore_mult.srs to E:\projects\EDN8-PRO\bootcore\edcore_Implmnt\edcore.srs
Complete: Compile Process on edcore_syn|edcore_Implmnt

Running: premap (Pre-mapping) on edcore_syn|edcore_Implmnt
# Mon Sep 16 00:32:49 2019

premap completed with warnings
# Mon Sep 16 00:32:49 2019

Return Code: 1
Run Time:00h:00m:00s
Complete: Compile on edcore_syn|edcore_Implmnt

Running: map (Map) on edcore_syn|edcore_Implmnt
# Mon Sep 16 00:32:49 2019
License granted for 4 parallel jobs

Running: fpga_mapper (Map & Optimize) on edcore_syn|edcore_Implmnt
# Mon Sep 16 00:32:49 2019
Copied E:\projects\EDN8-PRO\bootcore\edcore_Implmnt\synwork\edcore_m.srm to E:\projects\EDN8-PRO\bootcore\edcore_Implmnt\edcore.srm

fpga_mapper completed with warnings
# Mon Sep 16 00:32:50 2019

Return Code: 1
Run Time:00h:00m:01s
Complete: Map on edcore_syn|edcore_Implmnt
Complete: Logic Synthesis on edcore_syn|edcore_Implmnt

exit status=0

exit status=0

