OUTPUT cpu_dat[4] 	 location (13, 13, 0) 	 68 	 
OUTPUT gpio[3] 	 location (0, 4, 1) 	 20 	 
INPUT  cpu_addr[8] 	 location (13, 4, 1) 	 53 	 
OUTPUT cpu_dat[2] 	 location (13, 11, 1) 	 65 	 
INPUT  cpu_addr[1] 	 location (11, 17, 1) 	 80 	 
OUTPUT cpu_ex 	 location (13, 15, 0) 	 73 	 
OUTPUT cpu_dat[0] 	 location (13, 9, 0) 	 63 	 
INPUT  cpu_ce 	 location (12, 17, 1) 	 78 	 
INPUT  cpu_addr[3] 	 location (10, 17, 0) 	 82 	 
OUTPUT cpu_dir 	 location (13, 4, 0) 	 52 	 
OUTPUT cpu_dat[1] 	 location (13, 11, 0) 	 64 	 
INPUT  cpu_addr[4] 	 location (9, 17, 1) 	 83 	 
OUTPUT ice_sdo 	 location (11, 0, 0) 	 45 	 
OUTPUT cpu_dat[6] 	 location (13, 14, 0) 	 71 	 
INPUT  cpu_addr[5] 	 location (9, 17, 0) 	 85 	 
OUTPUT boot0 	 location (0, 12, 0) 	 8 	 
OUTPUT spi_miso 	 location (0, 13, 0) 	 4 	 
OUTPUT gpio[1] 	 location (0, 2, 1) 	 24 	 
INPUT  cpu_rw 	 location (13, 15, 1) 	 74 	 
OUTPUT cpu_dat[7] 	 location (13, 14, 1) 	 72 	 
INPUT  cpu_addr[6] 	 location (8, 17, 1) 	 86 	 
INPUT  clk 	 location (6, 17, 1) 	 90 	 
OUTPUT gpio[0] 	 location (0, 2, 0) 	 25 	 
INPUT  cpu_addr[7] 	 location (8, 17, 0) 	 87 	 
OUTPUT cpu_dat[5] 	 location (13, 13, 1) 	 69 	 
INPUT  cpu_addr[0] 	 location (12, 17, 0) 	 79 	 
OUTPUT mcu_rst 	 location (0, 12, 1) 	 7 	 
OUTPUT gpio[2] 	 location (0, 4, 0) 	 21 	 
INPUT  cpu_addr[9] 	 location (13, 6, 1) 	 56 	 
INPUT  boot_on 	 location (6, 17, 0) 	 91 	 
INPUT  cpu_m2 	 location (7, 17, 0) 	 89 	 
OUTPUT cpu_dat[3] 	 location (13, 12, 0) 	 66 	 
INPUT  cpu_addr[2] 	 location (10, 17, 1) 	 81 	 
